<assemblies timestamp="08/31/2022 15:49:36">
  <assembly name="/Users/asizikov/code/demos/aci-echo/tests/Echo.Api.Tests/bin/Debug/net6.0/Echo.Api.Tests.dll" run-date="2022-08-31" run-time="15:49:36" total="3" passed="3" failed="0" skipped="0" time="1.280" errors="0">
    <errors />
    <collection total="3" passed="3" failed="0" skipped="0" name="Test collection for Echo.Api.Tests.Controllers.EchoControllerTests" time="0.072">
      <test name="Echo.Api.Tests.Controllers.EchoControllerTests.Echo_ReturnsEchoMessage" type="Echo.Api.Tests.Controllers.EchoControllerTests" method="Echo_ReturnsEchoMessage" time="0.0705617" result="Pass">
        <traits />
      </test>
      <test name="Echo.Api.Tests.Controllers.EchoControllerTests.EchoController_Throws_WhenLoggerIsNull" type="Echo.Api.Tests.Controllers.EchoControllerTests" method="EchoController_Throws_WhenLoggerIsNull" time="0.0009882" result="Pass">
        <traits />
      </test>
      <test name="Echo.Api.Tests.Controllers.EchoControllerTests.EchoController_Throws_WhenAppNameProviderIsNull" type="Echo.Api.Tests.Controllers.EchoControllerTests" method="EchoController_Throws_WhenAppNameProviderIsNull" time="0.0001387" result="Pass">
        <traits />
      </test>
    </collection>
  </assembly>
</assemblies>